[Sun, 05 Mar 2023 15:42:02 -0300] [OTS_MonstersList.php] Fatal error: Cannot load /srv/data/monster/Corym/corym skirmisher.xml - DOMDocument::loadXML(): Unescaped '&lt;' not allowed in attributes values in Entity, line: 38
[Sun, 05 Mar 2023 15:42:02 -0300] [OTS_MonstersList.php] Fatal error: Cannot load /srv/data/monster/Corym/corym skirmisher.xml - DOMDocument::loadXML(): attributes construct error in Entity, line: 38
[Sun, 05 Mar 2023 15:42:02 -0300] [OTS_MonstersList.php] Fatal error: Cannot load /srv/data/monster/Corym/corym skirmisher.xml - DOMDocument::loadXML(): Couldn't find end of Start Tag voice line 38 in Entity, line: 38
[Sun, 05 Mar 2023 15:42:02 -0300] [OTS_MonstersList.php] Fatal error: Cannot load /srv/data/monster/Corym/corym skirmisher.xml - DOMDocument::loadXML(): Opening and ending tag mismatch: sniff line 38 and voices in Entity, line: 39
[Sun, 05 Mar 2023 15:42:02 -0300] [OTS_MonstersList.php] Fatal error: Cannot load /srv/data/monster/Corym/corym skirmisher.xml - DOMDocument::loadXML(): Opening and ending tag mismatch: sniff line 38 and monster in Entity, line: 55
[Sun, 05 Mar 2023 15:42:02 -0300] [OTS_MonstersList.php] Fatal error: Cannot load /srv/data/monster/Corym/corym skirmisher.xml - DOMDocument::loadXML(): Premature end of data in tag sniff line 38 in Entity, line: 55
[Sun, 05 Mar 2023 15:42:02 -0300] [OTS_MonstersList.php] Fatal error: Cannot load /srv/data/monster/Corym/corym skirmisher.xml - DOMDocument::loadXML(): Premature end of data in tag voices line 36 in Entity, line: 55
[Sun, 05 Mar 2023 15:42:02 -0300] [OTS_MonstersList.php] Fatal error: Cannot load /srv/data/monster/Corym/corym skirmisher.xml - DOMDocument::loadXML(): Premature end of data in tag monster line 2 in Entity, line: 55
[Sun, 05 Mar 2023 15:42:02 -0300] [OTS_MonstersList.php] Fatal error: Cannot load /srv/data/monster/Corym/corym skirmisher.xml - DOMDocument::loadXML(): Unescaped '&lt;' not allowed in attributes values in Entity, line: 38
[Sun, 05 Mar 2023 15:42:02 -0300] [OTS_MonstersList.php] Fatal error: Cannot load /srv/data/monster/Corym/corym skirmisher.xml - DOMDocument::loadXML(): attributes construct error in Entity, line: 38
[Sun, 05 Mar 2023 15:42:02 -0300] [OTS_MonstersList.php] Fatal error: Cannot load /srv/data/monster/Corym/corym skirmisher.xml - DOMDocument::loadXML(): Couldn't find end of Start Tag voice line 38 in Entity, line: 38
[Sun, 05 Mar 2023 15:42:02 -0300] [OTS_MonstersList.php] Fatal error: Cannot load /srv/data/monster/Corym/corym skirmisher.xml - DOMDocument::loadXML(): Opening and ending tag mismatch: sniff line 38 and voices in Entity, line: 39
[Sun, 05 Mar 2023 15:42:02 -0300] [OTS_MonstersList.php] Fatal error: Cannot load /srv/data/monster/Corym/corym skirmisher.xml - DOMDocument::loadXML(): Opening and ending tag mismatch: sniff line 38 and monster in Entity, line: 55
[Sun, 05 Mar 2023 15:42:02 -0300] [OTS_MonstersList.php] Fatal error: Cannot load /srv/data/monster/Corym/corym skirmisher.xml - DOMDocument::loadXML(): Premature end of data in tag sniff line 38 in Entity, line: 55
[Sun, 05 Mar 2023 15:42:02 -0300] [OTS_MonstersList.php] Fatal error: Cannot load /srv/data/monster/Corym/corym skirmisher.xml - DOMDocument::loadXML(): Premature end of data in tag voices line 36 in Entity, line: 55
[Sun, 05 Mar 2023 15:42:02 -0300] [OTS_MonstersList.php] Fatal error: Cannot load /srv/data/monster/Corym/corym skirmisher.xml - DOMDocument::loadXML(): Premature end of data in tag monster line 2 in Entity, line: 55
[Sun, 05 Mar 2023 15:42:04 -0300] [OTS_MonstersList.php] Fatal error: Cannot load /srv/data/monster/Dreamhaunters/shock head.xml - DOMDocument::loadXML(): Unescaped '&lt;' not allowed in attributes values in Entity, line: 52
[Sun, 05 Mar 2023 15:42:04 -0300] [OTS_MonstersList.php] Fatal error: Cannot load /srv/data/monster/Dreamhaunters/shock head.xml - DOMDocument::loadXML(): attributes construct error in Entity, line: 52
[Sun, 05 Mar 2023 15:42:04 -0300] [OTS_MonstersList.php] Fatal error: Cannot load /srv/data/monster/Dreamhaunters/shock head.xml - DOMDocument::loadXML(): Couldn't find end of Start Tag voice line 52 in Entity, line: 52
[Sun, 05 Mar 2023 15:42:04 -0300] [OTS_MonstersList.php] Fatal error: Cannot load /srv/data/monster/Dreamhaunters/shock head.xml - DOMDocument::loadXML(): Opening and ending tag mismatch: brrzz line 52 and voices in Entity, line: 54
[Sun, 05 Mar 2023 15:42:04 -0300] [OTS_MonstersList.php] Fatal error: Cannot load /srv/data/monster/Dreamhaunters/shock head.xml - DOMDocument::loadXML(): Opening and ending tag mismatch: voices line 51 and monster in Entity, line: 62
[Sun, 05 Mar 2023 15:42:04 -0300] [OTS_MonstersList.php] Fatal error: Cannot load /srv/data/monster/Dreamhaunters/shock head.xml - DOMDocument::loadXML(): Premature end of data in tag monster line 2 in Entity, line: 62
[Sun, 05 Mar 2023 15:42:04 -0300] [OTS_MonstersList.php] Fatal error: Cannot load /srv/data/monster/Dreamhaunters/shock head.xml - DOMDocument::loadXML(): Unescaped '&lt;' not allowed in attributes values in Entity, line: 52
[Sun, 05 Mar 2023 15:42:04 -0300] [OTS_MonstersList.php] Fatal error: Cannot load /srv/data/monster/Dreamhaunters/shock head.xml - DOMDocument::loadXML(): attributes construct error in Entity, line: 52
[Sun, 05 Mar 2023 15:42:04 -0300] [OTS_MonstersList.php] Fatal error: Cannot load /srv/data/monster/Dreamhaunters/shock head.xml - DOMDocument::loadXML(): Couldn't find end of Start Tag voice line 52 in Entity, line: 52
[Sun, 05 Mar 2023 15:42:04 -0300] [OTS_MonstersList.php] Fatal error: Cannot load /srv/data/monster/Dreamhaunters/shock head.xml - DOMDocument::loadXML(): Opening and ending tag mismatch: brrzz line 52 and voices in Entity, line: 54
[Sun, 05 Mar 2023 15:42:04 -0300] [OTS_MonstersList.php] Fatal error: Cannot load /srv/data/monster/Dreamhaunters/shock head.xml - DOMDocument::loadXML(): Opening and ending tag mismatch: voices line 51 and monster in Entity, line: 62
[Sun, 05 Mar 2023 15:42:04 -0300] [OTS_MonstersList.php] Fatal error: Cannot load /srv/data/monster/Dreamhaunters/shock head.xml - DOMDocument::loadXML(): Premature end of data in tag monster line 2 in Entity, line: 62
[Sun, 05 Mar 2023 15:42:05 -0300] [OTS_MonstersList.php] Fatal error: Cannot load /srv/data/monster/Geo-Elementals/eternal guardian.xml - DOMDocument::loadXML(): Unescaped '&lt;' not allowed in attributes values in Entity, line: 39
[Sun, 05 Mar 2023 15:42:05 -0300] [OTS_MonstersList.php] Fatal error: Cannot load /srv/data/monster/Geo-Elementals/eternal guardian.xml - DOMDocument::loadXML(): attributes construct error in Entity, line: 39
[Sun, 05 Mar 2023 15:42:05 -0300] [OTS_MonstersList.php] Fatal error: Cannot load /srv/data/monster/Geo-Elementals/eternal guardian.xml - DOMDocument::loadXML(): Couldn't find end of Start Tag voice line 39 in Entity, line: 39
[Sun, 05 Mar 2023 15:42:05 -0300] [OTS_MonstersList.php] Fatal error: Cannot load /srv/data/monster/Geo-Elementals/eternal guardian.xml - DOMDocument::loadXML(): Opening and ending tag mismatch: crackle line 39 and voices in Entity, line: 40
[Sun, 05 Mar 2023 15:42:05 -0300] [OTS_MonstersList.php] Fatal error: Cannot load /srv/data/monster/Geo-Elementals/eternal guardian.xml - DOMDocument::loadXML(): Opening and ending tag mismatch: voices line 37 and monster in Entity, line: 57
[Sun, 05 Mar 2023 15:42:05 -0300] [OTS_MonstersList.php] Fatal error: Cannot load /srv/data/monster/Geo-Elementals/eternal guardian.xml - DOMDocument::loadXML(): Premature end of data in tag monster line 2 in Entity, line: 57
[Sun, 05 Mar 2023 15:42:05 -0300] [OTS_MonstersList.php] Fatal error: Cannot load /srv/data/monster/Geo-Elementals/eternal guardian.xml - DOMDocument::loadXML(): Unescaped '&lt;' not allowed in attributes values in Entity, line: 39
[Sun, 05 Mar 2023 15:42:05 -0300] [OTS_MonstersList.php] Fatal error: Cannot load /srv/data/monster/Geo-Elementals/eternal guardian.xml - DOMDocument::loadXML(): attributes construct error in Entity, line: 39
[Sun, 05 Mar 2023 15:42:05 -0300] [OTS_MonstersList.php] Fatal error: Cannot load /srv/data/monster/Geo-Elementals/eternal guardian.xml - DOMDocument::loadXML(): Couldn't find end of Start Tag voice line 39 in Entity, line: 39
[Sun, 05 Mar 2023 15:42:05 -0300] [OTS_MonstersList.php] Fatal error: Cannot load /srv/data/monster/Geo-Elementals/eternal guardian.xml - DOMDocument::loadXML(): Opening and ending tag mismatch: crackle line 39 and voices in Entity, line: 40
[Sun, 05 Mar 2023 15:42:05 -0300] [OTS_MonstersList.php] Fatal error: Cannot load /srv/data/monster/Geo-Elementals/eternal guardian.xml - DOMDocument::loadXML(): Opening and ending tag mismatch: voices line 37 and monster in Entity, line: 57
[Sun, 05 Mar 2023 15:42:05 -0300] [OTS_MonstersList.php] Fatal error: Cannot load /srv/data/monster/Geo-Elementals/eternal guardian.xml - DOMDocument::loadXML(): Premature end of data in tag monster line 2 in Entity, line: 57
[Sun, 05 Mar 2023 15:42:06 -0300] [OTS_MonstersList.php] Fatal error: Cannot load /srv/data/monster/Geo-Elementals/medusa.xml - DOMDocument::loadXML(): Unescaped '&lt;' not allowed in attributes values in Entity, line: 54
[Sun, 05 Mar 2023 15:42:06 -0300] [OTS_MonstersList.php] Fatal error: Cannot load /srv/data/monster/Geo-Elementals/medusa.xml - DOMDocument::loadXML(): attributes construct error in Entity, line: 54
[Sun, 05 Mar 2023 15:42:06 -0300] [OTS_MonstersList.php] Fatal error: Cannot load /srv/data/monster/Geo-Elementals/medusa.xml - DOMDocument::loadXML(): Couldn't find end of Start Tag voice line 54 in Entity, line: 54
[Sun, 05 Mar 2023 15:42:06 -0300] [OTS_MonstersList.php] Fatal error: Cannot load /srv/data/monster/Geo-Elementals/medusa.xml - DOMDocument::loadXML(): Opening and ending tag mismatch: chuckle line 54 and voices in Entity, line: 55
[Sun, 05 Mar 2023 15:42:06 -0300] [OTS_MonstersList.php] Fatal error: Cannot load /srv/data/monster/Geo-Elementals/medusa.xml - DOMDocument::loadXML(): Opening and ending tag mismatch: voices line 50 and monster in Entity, line: 73
[Sun, 05 Mar 2023 15:42:06 -0300] [OTS_MonstersList.php] Fatal error: Cannot load /srv/data/monster/Geo-Elementals/medusa.xml - DOMDocument::loadXML(): Premature end of data in tag monster line 2 in Entity, line: 73
[Sun, 05 Mar 2023 15:42:06 -0300] [OTS_MonstersList.php] Fatal error: Cannot load /srv/data/monster/Geo-Elementals/medusa.xml - DOMDocument::loadXML(): Unescaped '&lt;' not allowed in attributes values in Entity, line: 54
[Sun, 05 Mar 2023 15:42:06 -0300] [OTS_MonstersList.php] Fatal error: Cannot load /srv/data/monster/Geo-Elementals/medusa.xml - DOMDocument::loadXML(): attributes construct error in Entity, line: 54
[Sun, 05 Mar 2023 15:42:06 -0300] [OTS_MonstersList.php] Fatal error: Cannot load /srv/data/monster/Geo-Elementals/medusa.xml - DOMDocument::loadXML(): Couldn't find end of Start Tag voice line 54 in Entity, line: 54
[Sun, 05 Mar 2023 15:42:06 -0300] [OTS_MonstersList.php] Fatal error: Cannot load /srv/data/monster/Geo-Elementals/medusa.xml - DOMDocument::loadXML(): Opening and ending tag mismatch: chuckle line 54 and voices in Entity, line: 55
[Sun, 05 Mar 2023 15:42:06 -0300] [OTS_MonstersList.php] Fatal error: Cannot load /srv/data/monster/Geo-Elementals/medusa.xml - DOMDocument::loadXML(): Opening and ending tag mismatch: voices line 50 and monster in Entity, line: 73
[Sun, 05 Mar 2023 15:42:06 -0300] [OTS_MonstersList.php] Fatal error: Cannot load /srv/data/monster/Geo-Elementals/medusa.xml - DOMDocument::loadXML(): Premature end of data in tag monster line 2 in Entity, line: 73
[Sun, 05 Mar 2023 15:42:08 -0300] [OTS_MonstersList.php] Fatal error: Cannot load /srv/data/monster/Misc/Misc Mammals/water buffalo.xml - DOMDocument::loadXML(): Unescaped '&lt;' not allowed in attributes values in Entity, line: 33
[Sun, 05 Mar 2023 15:42:08 -0300] [OTS_MonstersList.php] Fatal error: Cannot load /srv/data/monster/Misc/Misc Mammals/water buffalo.xml - DOMDocument::loadXML(): attributes construct error in Entity, line: 33
[Sun, 05 Mar 2023 15:42:08 -0300] [OTS_MonstersList.php] Fatal error: Cannot load /srv/data/monster/Misc/Misc Mammals/water buffalo.xml - DOMDocument::loadXML(): Couldn't find end of Start Tag voice line 33 in Entity, line: 33
[Sun, 05 Mar 2023 15:42:08 -0300] [OTS_MonstersList.php] Fatal error: Cannot load /srv/data/monster/Misc/Misc Mammals/water buffalo.xml - DOMDocument::loadXML(): Opening and ending tag mismatch: snort line 33 and voices in Entity, line: 35
[Sun, 05 Mar 2023 15:42:08 -0300] [OTS_MonstersList.php] Fatal error: Cannot load /srv/data/monster/Misc/Misc Mammals/water buffalo.xml - DOMDocument::loadXML(): Opening and ending tag mismatch: voices line 30 and monster in Entity, line: 41
[Sun, 05 Mar 2023 15:42:08 -0300] [OTS_MonstersList.php] Fatal error: Cannot load /srv/data/monster/Misc/Misc Mammals/water buffalo.xml - DOMDocument::loadXML(): Premature end of data in tag monster line 2 in Entity, line: 41
[Sun, 05 Mar 2023 15:42:08 -0300] [OTS_MonstersList.php] Fatal error: Cannot load /srv/data/monster/Misc/Misc Mammals/water buffalo.xml - DOMDocument::loadXML(): Unescaped '&lt;' not allowed in attributes values in Entity, line: 33
[Sun, 05 Mar 2023 15:42:08 -0300] [OTS_MonstersList.php] Fatal error: Cannot load /srv/data/monster/Misc/Misc Mammals/water buffalo.xml - DOMDocument::loadXML(): attributes construct error in Entity, line: 33
[Sun, 05 Mar 2023 15:42:08 -0300] [OTS_MonstersList.php] Fatal error: Cannot load /srv/data/monster/Misc/Misc Mammals/water buffalo.xml - DOMDocument::loadXML(): Couldn't find end of Start Tag voice line 33 in Entity, line: 33
[Sun, 05 Mar 2023 15:42:08 -0300] [OTS_MonstersList.php] Fatal error: Cannot load /srv/data/monster/Misc/Misc Mammals/water buffalo.xml - DOMDocument::loadXML(): Opening and ending tag mismatch: snort line 33 and voices in Entity, line: 35
[Sun, 05 Mar 2023 15:42:08 -0300] [OTS_MonstersList.php] Fatal error: Cannot load /srv/data/monster/Misc/Misc Mammals/water buffalo.xml - DOMDocument::loadXML(): Opening and ending tag mismatch: voices line 30 and monster in Entity, line: 41
[Sun, 05 Mar 2023 15:42:08 -0300] [OTS_MonstersList.php] Fatal error: Cannot load /srv/data/monster/Misc/Misc Mammals/water buffalo.xml - DOMDocument::loadXML(): Premature end of data in tag monster line 2 in Entity, line: 41
[Sun, 05 Mar 2023 15:42:09 -0300] [OTS_MonstersList.php] Fatal error: Cannot load /srv/data/monster/Outlaws/feverish citizen.xml - DOMDocument::loadXML(): Unescaped '&lt;' not allowed in attributes values in Entity, line: 41
[Sun, 05 Mar 2023 15:42:09 -0300] [OTS_MonstersList.php] Fatal error: Cannot load /srv/data/monster/Outlaws/feverish citizen.xml - DOMDocument::loadXML(): attributes construct error in Entity, line: 41
[Sun, 05 Mar 2023 15:42:09 -0300] [OTS_MonstersList.php] Fatal error: Cannot load /srv/data/monster/Outlaws/feverish citizen.xml - DOMDocument::loadXML(): Couldn't find end of Start Tag voice line 41 in Entity, line: 41
[Sun, 05 Mar 2023 15:42:09 -0300] [OTS_MonstersList.php] Fatal error: Cannot load /srv/data/monster/Outlaws/feverish citizen.xml - DOMDocument::loadXML(): Opening and ending tag mismatch: giggle line 41 and voices in Entity, line: 45
[Sun, 05 Mar 2023 15:42:09 -0300] [OTS_MonstersList.php] Fatal error: Cannot load /srv/data/monster/Outlaws/feverish citizen.xml - DOMDocument::loadXML(): Opening and ending tag mismatch: voices line 34 and monster in Entity, line: 59
[Sun, 05 Mar 2023 15:42:09 -0300] [OTS_MonstersList.php] Fatal error: Cannot load /srv/data/monster/Outlaws/feverish citizen.xml - DOMDocument::loadXML(): Premature end of data in tag monster line 2 in Entity, line: 59
[Sun, 05 Mar 2023 15:42:09 -0300] [OTS_MonstersList.php] Fatal error: Cannot load /srv/data/monster/Outlaws/feverish citizen.xml - DOMDocument::loadXML(): Unescaped '&lt;' not allowed in attributes values in Entity, line: 41
[Sun, 05 Mar 2023 15:42:09 -0300] [OTS_MonstersList.php] Fatal error: Cannot load /srv/data/monster/Outlaws/feverish citizen.xml - DOMDocument::loadXML(): attributes construct error in Entity, line: 41
[Sun, 05 Mar 2023 15:42:09 -0300] [OTS_MonstersList.php] Fatal error: Cannot load /srv/data/monster/Outlaws/feverish citizen.xml - DOMDocument::loadXML(): Couldn't find end of Start Tag voice line 41 in Entity, line: 41
[Sun, 05 Mar 2023 15:42:09 -0300] [OTS_MonstersList.php] Fatal error: Cannot load /srv/data/monster/Outlaws/feverish citizen.xml - DOMDocument::loadXML(): Opening and ending tag mismatch: giggle line 41 and voices in Entity, line: 45
[Sun, 05 Mar 2023 15:42:09 -0300] [OTS_MonstersList.php] Fatal error: Cannot load /srv/data/monster/Outlaws/feverish citizen.xml - DOMDocument::loadXML(): Opening and ending tag mismatch: voices line 34 and monster in Entity, line: 59
[Sun, 05 Mar 2023 15:42:09 -0300] [OTS_MonstersList.php] Fatal error: Cannot load /srv/data/monster/Outlaws/feverish citizen.xml - DOMDocument::loadXML(): Premature end of data in tag monster line 2 in Entity, line: 59
[Sun, 05 Mar 2023 15:42:10 -0300] [OTS_MonstersList.php] Fatal error: Cannot load /srv/data/monster/Pyro-Elementals/massive fire elemental.xml - DOMDocument::loadXML(): Attribute target redefined in Entity, line: 21
[Sun, 05 Mar 2023 15:42:10 -0300] [OTS_MonstersList.php] Fatal error: Cannot load /srv/data/monster/Pyro-Elementals/massive fire elemental.xml - DOMDocument::loadXML(): Attribute target redefined in Entity, line: 24
[Sun, 05 Mar 2023 15:42:10 -0300] [OTS_MonstersList.php] Fatal error: Cannot load /srv/data/monster/Pyro-Elementals/massive fire elemental.xml - DOMDocument::loadXML(): Attribute target redefined in Entity, line: 21
[Sun, 05 Mar 2023 15:42:10 -0300] [OTS_MonstersList.php] Fatal error: Cannot load /srv/data/monster/Pyro-Elementals/massive fire elemental.xml - DOMDocument::loadXML(): Attribute target redefined in Entity, line: 24
